<?xml version="1.0" encoding="UTF-8" ?>
<testsuites errors="0"
            failures="2"
            tests="2">

  <testsuite name="profile"
    errors="0" failures="2" hostname="" id="" package="profile" skipped="0"
    tests="2" time="29.66" timestamp="Wed, 03 Apr 2019 04:58:32 GMT">
  
    <testcase name="Create a user account" classname="profile" time="20.05" assertions="1">  <failure message="Expected element &lt;div[class=&#34;sc-jqCOkK jrdbSa sc-gqjmRU dpJuAi&#34;]&gt; text to equal: &#34;Find your thing.&#34; - element was not found">    at Object.beforeEach (C:\Users\Thomas\DevMountain\yoodlize\tests\profile.js:15:21)</failure>

    
    </testcase>
  
    <testcase name="Log In/Logout of created account" classname="profile" time="9.619" assertions="1">  <failure message="Expected element &lt;div[class=&#34;sc-jqCOkK jrdbSa sc-gqjmRU dpJuAi&#34;]&gt; text to equal: &#34;Find your thing.&#34; - element was not found">    at Object.beforeEach (C:\Users\Thomas\DevMountain\yoodlize\tests\profile.js:15:21)</failure>

    
    </testcase>
  

  

  
  </testsuite>
</testsuites>
